<?xml version="1.0" encoding="UTF-8"?>
<!-- Generated by org.testng.reporters.JUnitReportReporter -->
<testsuite hostname="DESKTOP-8MFCI0G" failures="0" tests="1" name="Runners._0_3_SmokeTest" time="13.482" errors="0" timestamp="2023-08-10T15:26:29 TRT" skipped="0">
  <testcase classname="Runners._0_3_SmokeTest" name="runScenario" time="13.482"/>
</testsuite> <!-- Runners._0_3_SmokeTest -->
