<?xml version="1.0" encoding="UTF-8"?>
<!-- Generated by org.testng.reporters.JUnitReportReporter -->
<testsuite hostname="DESKTOP-8MFCI0G" failures="0" tests="1" name="_0_1_RunnerGenel" time="9.565" errors="0" timestamp="2023-08-25T09:26:17 TRT" skipped="0">
  <testcase classname="_0_1_RunnerGenel" name="runScenario" time="9.565"/>
</testsuite> <!-- _0_1_RunnerGenel -->
