<?xml version="1.0" encoding="UTF-8"?>
<!-- Generated by org.testng.reporters.JUnitReportReporter -->
<testsuite hostname="DESKTOP-8MFCI0G" failures="0" tests="13" name="Runners._0_1_RunnerGenel" time="105.793" errors="0" timestamp="2023-08-10T15:35:25 TRT" skipped="0">
  <testcase classname="Runners._0_1_RunnerGenel" name="runScenario" time="7.480"/>
  <testcase classname="Runners._0_1_RunnerGenel" name="runScenario" time="7.722"/>
  <testcase classname="Runners._0_1_RunnerGenel" name="runScenario" time="7.667"/>
  <testcase classname="Runners._0_1_RunnerGenel" name="runScenario" time="7.516"/>
  <testcase classname="Runners._0_1_RunnerGenel" name="runScenario" time="8.416"/>
  <testcase classname="Runners._0_1_RunnerGenel" name="runScenario" time="7.604"/>
  <testcase classname="Runners._0_1_RunnerGenel" name="runScenario" time="7.558"/>
  <testcase classname="Runners._0_1_RunnerGenel" name="runScenario" time="7.963"/>
  <testcase classname="Runners._0_1_RunnerGenel" name="runScenario" time="8.078"/>
  <testcase classname="Runners._0_1_RunnerGenel" name="runScenario" time="7.678"/>
  <testcase classname="Runners._0_1_RunnerGenel" name="runScenario" time="12.152"/>
  <testcase classname="Runners._0_1_RunnerGenel" name="runScenario" time="7.603"/>
  <testcase classname="Runners._0_1_RunnerGenel" name="runScenario" time="8.356"/>
</testsuite> <!-- Runners._0_1_RunnerGenel -->
