<?xml version="1.0" encoding="UTF-8"?>
<!-- Generated by org.testng.reporters.JUnitReportReporter -->
<testsuite hostname="DESKTOP-8MFCI0G" failures="0" tests="5" name="Runners._0_2_RunnerBelirliTestler" time="28.207" errors="0" timestamp="2023-08-21T12:55:03 TRT" skipped="0">
  <testcase classname="Runners._0_2_RunnerBelirliTestler" name="runScenario" time="5.422"/>
  <testcase classname="Runners._0_2_RunnerBelirliTestler" name="runScenario" time="5.859"/>
  <testcase classname="Runners._0_2_RunnerBelirliTestler" name="runScenario" time="5.272"/>
  <testcase classname="Runners._0_2_RunnerBelirliTestler" name="runScenario" time="5.533"/>
  <testcase classname="Runners._0_2_RunnerBelirliTestler" name="runScenario" time="6.121"/>
</testsuite> <!-- Runners._0_2_RunnerBelirliTestler -->
